2025-06-05 17:39:12.606  o.s.b.d.a.LocalDevToolsAutoConfiguration$RestartingClassPathChangeChangedEventListener - Restarting due to 1 class path change (0 additions, 0 deletions, 1 modification) 
2025-06-05 17:39:12.612  o.s.b.w.e.t.GracefulShutdown - Commencing graceful shutdown. Waiting for active requests to complete 
2025-06-05 17:39:12.613  o.a.c.h.Http11NioProtocol - Pausing ProtocolHandler ["http-nio-8080"] 
2025-06-05 17:39:12.614  o.s.b.w.e.t.GracefulShutdown - Graceful shutdown complete 
2025-06-05 17:39:12.614  o.a.c.h.Http11NioProtocol - Stopping ProtocolHandler ["http-nio-8080"] 
2025-06-05 17:39:12.616  c.z.h.HikariDataSource - HikariPool-18 - Shutdown initiated... 
2025-06-05 17:39:12.617  c.z.h.HikariDataSource - HikariPool-18 - Shutdown completed. 
2025-06-05 17:39:12.699  c.e.y.YedocbApplication - Starting YedocbApplication using Java 21.0.6 with PID 8044 (D:\kyumin\Project\yedocb\bin\main started by YONSAI in D:\kyumin\Project\yedocb) 
2025-06-05 17:39:12.700  c.e.y.YedocbApplication - No active profile set, falling back to 1 default profile: "default" 
2025-06-05 17:39:12.865  o.s.b.w.e.t.TomcatWebServer - Tomcat initialized with port 8080 (http) 
2025-06-05 17:39:12.866  o.a.c.h.Http11NioProtocol - Initializing ProtocolHandler ["http-nio-8080"] 
2025-06-05 17:39:12.866  o.a.c.c.StandardService - Starting service [Tomcat] 
2025-06-05 17:39:12.866  o.a.c.c.StandardEngine - Starting Servlet engine: [Apache Tomcat/10.1.41] 
2025-06-05 17:39:12.877  o.a.c.c.C.[.[.[/] - Initializing Spring embedded WebApplicationContext 
2025-06-05 17:39:12.877  o.s.b.w.s.c.ServletWebServerApplicationContext - Root WebApplicationContext: initialization completed in 176 ms 
2025-06-05 17:39:12.918  c.z.h.HikariDataSource - HikariPool-19 - Starting... 
2025-06-05 17:39:12.955  c.z.h.p.HikariPool - HikariPool-19 - Added connection org.postgresql.jdbc.PgConnection@4f918937 
2025-06-05 17:39:12.955  c.z.h.HikariDataSource - HikariPool-19 - Start completed. 
2025-06-05 17:39:13.097  o.s.b.d.a.OptionalLiveReloadServer - LiveReload server is running on port 35729 
2025-06-05 17:39:13.103  o.a.c.h.Http11NioProtocol - Starting ProtocolHandler ["http-nio-8080"] 
2025-06-05 17:39:13.105  o.s.b.w.e.t.TomcatWebServer - Tomcat started on port 8080 (http) with context path '/' 
2025-06-05 17:39:13.107  c.e.y.YedocbApplication - Started YedocbApplication in 0.429 seconds (process running for 23862.255) 
2025-06-05 17:39:13.108  o.s.b.d.a.ConditionEvaluationDeltaLoggingListener - Condition evaluation unchanged 
2025-06-05 17:39:58.380  o.s.b.d.a.LocalDevToolsAutoConfiguration$RestartingClassPathChangeChangedEventListener - Restarting due to 1 class path change (0 additions, 0 deletions, 1 modification) 
2025-06-05 17:39:58.381  o.s.b.w.e.t.GracefulShutdown - Commencing graceful shutdown. Waiting for active requests to complete 
2025-06-05 17:39:58.381  o.a.c.h.Http11NioProtocol - Pausing ProtocolHandler ["http-nio-8080"] 
2025-06-05 17:39:58.382  o.s.b.w.e.t.GracefulShutdown - Graceful shutdown complete 
2025-06-05 17:39:58.383  o.a.c.h.Http11NioProtocol - Stopping ProtocolHandler ["http-nio-8080"] 
2025-06-05 17:39:58.384  c.z.h.HikariDataSource - HikariPool-19 - Shutdown initiated... 
2025-06-05 17:39:58.384  c.z.h.HikariDataSource - HikariPool-19 - Shutdown completed. 
2025-06-05 17:39:58.466  c.e.y.YedocbApplication - Starting YedocbApplication using Java 21.0.6 with PID 8044 (D:\kyumin\Project\yedocb\bin\main started by YONSAI in D:\kyumin\Project\yedocb) 
2025-06-05 17:39:58.466  c.e.y.YedocbApplication - No active profile set, falling back to 1 default profile: "default" 
2025-06-05 17:39:58.604  o.s.b.w.e.t.TomcatWebServer - Tomcat initialized with port 8080 (http) 
2025-06-05 17:39:58.605  o.a.c.h.Http11NioProtocol - Initializing ProtocolHandler ["http-nio-8080"] 
2025-06-05 17:39:58.605  o.a.c.c.StandardService - Starting service [Tomcat] 
2025-06-05 17:39:58.605  o.a.c.c.StandardEngine - Starting Servlet engine: [Apache Tomcat/10.1.41] 
2025-06-05 17:39:58.615  o.a.c.c.C.[.[.[/] - Initializing Spring embedded WebApplicationContext 
2025-06-05 17:39:58.615  o.s.b.w.s.c.ServletWebServerApplicationContext - Root WebApplicationContext: initialization completed in 148 ms 
2025-06-05 17:39:58.645  c.z.h.HikariDataSource - HikariPool-20 - Starting... 
2025-06-05 17:39:58.684  c.z.h.p.HikariPool - HikariPool-20 - Added connection org.postgresql.jdbc.PgConnection@45aeaca 
2025-06-05 17:39:58.684  c.z.h.HikariDataSource - HikariPool-20 - Start completed. 
2025-06-05 17:39:58.805  o.s.b.d.a.OptionalLiveReloadServer - LiveReload server is running on port 35729 
2025-06-05 17:39:58.810  o.a.c.h.Http11NioProtocol - Starting ProtocolHandler ["http-nio-8080"] 
2025-06-05 17:39:58.812  o.s.b.w.e.t.TomcatWebServer - Tomcat started on port 8080 (http) with context path '/' 
2025-06-05 17:39:58.814  c.e.y.YedocbApplication - Started YedocbApplication in 0.365 seconds (process running for 23907.962) 
2025-06-05 17:39:58.815  o.s.b.d.a.ConditionEvaluationDeltaLoggingListener - Condition evaluation unchanged 
