2025-06-07 20:55:18.496  o.s.b.d.a.LocalDevToolsAutoConfiguration$RestartingClassPathChangeChangedEventListener - Restarting due to 1 class path change (0 additions, 0 deletions, 1 modification) 
2025-06-07 20:55:18.497  o.s.b.w.e.t.GracefulShutdown - Commencing graceful shutdown. Waiting for active requests to complete 
2025-06-07 20:55:18.497  o.a.c.h.Http11NioProtocol - Pausing ProtocolHandler ["http-nio-8080"] 
2025-06-07 20:55:18.499  o.s.b.w.e.t.GracefulShutdown - Graceful shutdown complete 
2025-06-07 20:55:18.500  o.a.c.h.Http11NioProtocol - Stopping ProtocolHandler ["http-nio-8080"] 
2025-06-07 20:55:18.501  c.z.h.HikariDataSource - HikariPool-5 - Shutdown initiated... 
2025-06-07 20:55:18.502  c.z.h.HikariDataSource - HikariPool-5 - Shutdown completed. 
2025-06-07 20:55:18.584  c.e.y.YedocbApplication - Starting YedocbApplication using Java 21.0.6 with PID 2464 (C:\Users\USER\git_yedoc\yedocb\bin\main started by USER in C:\Users\USER\git_yedoc\yedocb) 
2025-06-07 20:55:18.584  c.e.y.YedocbApplication - No active profile set, falling back to 1 default profile: "default" 
2025-06-07 20:55:18.706  o.s.b.w.e.t.TomcatWebServer - Tomcat initialized with port 8080 (http) 
2025-06-07 20:55:18.706  o.a.c.h.Http11NioProtocol - Initializing ProtocolHandler ["http-nio-8080"] 
2025-06-07 20:55:18.706  o.a.c.c.StandardService - Starting service [Tomcat] 
2025-06-07 20:55:18.706  o.a.c.c.StandardEngine - Starting Servlet engine: [Apache Tomcat/10.1.41] 
2025-06-07 20:55:18.715  o.a.c.c.C.[.[.[/] - Initializing Spring embedded WebApplicationContext 
2025-06-07 20:55:18.715  o.s.b.w.s.c.ServletWebServerApplicationContext - Root WebApplicationContext: initialization completed in 130 ms 
2025-06-07 20:55:18.740  c.z.h.HikariDataSource - HikariPool-6 - Starting... 
2025-06-07 20:55:18.776  c.z.h.p.HikariPool - HikariPool-6 - Added connection org.postgresql.jdbc.PgConnection@121ce887 
2025-06-07 20:55:18.776  c.z.h.HikariDataSource - HikariPool-6 - Start completed. 
2025-06-07 20:55:18.847  o.s.w.s.m.m.a.RequestMappingHandlerMapping - 34 mappings in 'requestMappingHandlerMapping' 
2025-06-07 20:55:18.857  o.s.w.s.h.SimpleUrlHandlerMapping - Patterns [/webjars/**, /**] in 'resourceHandlerMapping' 
2025-06-07 20:55:18.874  o.s.w.s.m.m.a.RequestMappingHandlerAdapter - ControllerAdvice beans: 0 @ModelAttribute, 0 @InitBinder, 1 RequestBodyAdvice, 1 ResponseBodyAdvice 
2025-06-07 20:55:18.876  o.s.w.s.m.m.a.ExceptionHandlerExceptionResolver - ControllerAdvice beans: 0 @ExceptionHandler, 1 ResponseBodyAdvice 
2025-06-07 20:55:18.888  o.s.b.d.a.OptionalLiveReloadServer - LiveReload server is running on port 35729 
2025-06-07 20:55:18.892  o.a.c.h.Http11NioProtocol - Starting ProtocolHandler ["http-nio-8080"] 
2025-06-07 20:55:18.895  o.s.b.w.e.t.TomcatWebServer - Tomcat started on port 8080 (http) with context path '/' 
2025-06-07 20:55:18.896  c.e.y.YedocbApplication - Started YedocbApplication in 0.337 seconds (process running for 705.79) 
2025-06-07 20:55:18.897  o.s.b.d.a.ConditionEvaluationDeltaLoggingListener - Condition evaluation unchanged 
2025-06-07 20:55:51.467  o.s.b.a.SpringApplicationAdminMXBeanRegistrar$SpringApplicationAdmin - Application shutdown requested. 
2025-06-07 20:55:51.468  o.s.b.w.e.t.GracefulShutdown - Commencing graceful shutdown. Waiting for active requests to complete 
2025-06-07 20:55:51.468  o.a.c.h.Http11NioProtocol - Pausing ProtocolHandler ["http-nio-8080"] 
2025-06-07 20:55:51.470  o.s.b.w.e.t.GracefulShutdown - Graceful shutdown complete 
2025-06-07 20:55:51.471  o.a.c.h.Http11NioProtocol - Stopping ProtocolHandler ["http-nio-8080"] 
2025-06-07 20:55:51.472  c.z.h.HikariDataSource - HikariPool-6 - Shutdown initiated... 
2025-06-07 20:55:51.472  c.z.h.HikariDataSource - HikariPool-6 - Shutdown completed. 
