2025-06-09 16:14:02.734  o.s.w.s.DispatcherServlet - POST "/api/user/login", parameters={} 
2025-06-09 16:14:02.734  o.s.w.s.m.m.a.RequestMappingHandlerMapping - Mapped to com.example.yedocb.user.login.UserLoginController#loginUser(Map) 
2025-06-09 16:14:02.735  o.s.w.s.m.m.a.RequestResponseBodyMethodProcessor - Read "application/json;charset=UTF-8" to [{uId=test, uPwd=1234}] 
2025-06-09 16:14:02.801  o.s.w.s.m.m.a.HttpEntityMethodProcessor - Using 'application/json', given [application/json, text/plain, */*] and supported [application/json, application/*+json] 
2025-06-09 16:14:02.801  o.s.w.s.m.m.a.HttpEntityMethodProcessor - Writing [{error=Login failed}] 
2025-06-09 16:14:02.801  o.s.w.s.DispatcherServlet - Completed 401 UNAUTHORIZED 
2025-06-09 16:14:08.734  o.s.w.s.DispatcherServlet - POST "/api/user/login", parameters={} 
2025-06-09 16:14:08.734  o.s.w.s.m.m.a.RequestMappingHandlerMapping - Mapped to com.example.yedocb.user.login.UserLoginController#loginUser(Map) 
2025-06-09 16:14:08.734  o.s.w.s.m.m.a.RequestResponseBodyMethodProcessor - Read "application/json;charset=UTF-8" to [{uId=test, uPwd=did1988!}] 
2025-06-09 16:14:08.800  o.s.w.s.m.m.a.HttpEntityMethodProcessor - Using 'application/json', given [application/json, text/plain, */*] and supported [application/json, application/*+json] 
2025-06-09 16:14:08.800  o.s.w.s.m.m.a.HttpEntityMethodProcessor - Writing [{uName=테스트유저, token=eyJhbGciOiJIUzI1NiJ9.eyJzdWIiOiJ0ZXN0Iiwicm9sZXMiOlsiVVNFUiJdLCJpYXQiOjE3NDk0NTM (truncated)...] 
2025-06-09 16:14:08.800  o.s.w.s.DispatcherServlet - Completed 200 OK 
2025-06-09 16:14:09.800  o.s.w.s.DispatcherServlet - GET "/api/reserve/test", parameters={} 
2025-06-09 16:14:09.800  o.s.w.s.DispatcherServlet - GET "/api/user/myinfo", parameters={} 
2025-06-09 16:14:09.801  o.s.w.s.m.m.a.RequestMappingHandlerMapping - Mapped to com.example.yedocb.user.info.UserController#getMyInfo(String) 
2025-06-09 16:14:09.801  o.s.w.s.m.m.a.RequestMappingHandlerMapping - Mapped to com.example.yedocb.user.reservation.UserReservationController#getReservations(String, String) 
2025-06-09 16:14:09.802  o.s.w.s.m.m.a.HttpEntityMethodProcessor - Using 'application/json', given [application/json, text/plain, */*] and supported [application/json, application/*+json] 
2025-06-09 16:14:09.802  o.s.w.s.m.m.a.HttpEntityMethodProcessor - Using 'application/json', given [application/json, text/plain, */*] and supported [application/json, application/*+json] 
2025-06-09 16:14:09.802  o.s.w.s.m.m.a.HttpEntityMethodProcessor - Writing [[Reservation(rId=1, uId=test, tName=보톡스 시술, consultDate=2025-06-01, consultTime=14:30, status=대기)]] 
2025-06-09 16:14:09.802  o.s.w.s.m.m.a.HttpEntityMethodProcessor - Writing [User(uId=test, uPwd=null, uEmail=test@example.com, uName=테스트유저, uPhone=010-3545-5555)] 
2025-06-09 16:14:09.803  o.s.w.s.DispatcherServlet - Completed 200 OK 
2025-06-09 16:14:09.803  o.s.w.s.DispatcherServlet - Completed 200 OK 
2025-06-09 16:14:09.808  o.s.w.s.DispatcherServlet - GET "/api/user/myinfo", parameters={} 
2025-06-09 16:14:09.808  o.s.w.s.DispatcherServlet - GET "/api/reserve/test", parameters={} 
2025-06-09 16:14:09.808  o.s.w.s.m.m.a.RequestMappingHandlerMapping - Mapped to com.example.yedocb.user.info.UserController#getMyInfo(String) 
2025-06-09 16:14:09.808  o.s.w.s.m.m.a.RequestMappingHandlerMapping - Mapped to com.example.yedocb.user.reservation.UserReservationController#getReservations(String, String) 
2025-06-09 16:14:09.810  o.s.w.s.m.m.a.HttpEntityMethodProcessor - Using 'application/json', given [application/json, text/plain, */*] and supported [application/json, application/*+json] 
2025-06-09 16:14:09.810  o.s.w.s.m.m.a.HttpEntityMethodProcessor - Writing [User(uId=test, uPwd=null, uEmail=test@example.com, uName=테스트유저, uPhone=010-3545-5555)] 
2025-06-09 16:14:09.810  o.s.w.s.m.m.a.HttpEntityMethodProcessor - Using 'application/json', given [application/json, text/plain, */*] and supported [application/json, application/*+json] 
2025-06-09 16:14:09.810  o.s.w.s.m.m.a.HttpEntityMethodProcessor - Writing [[Reservation(rId=1, uId=test, tName=보톡스 시술, consultDate=2025-06-01, consultTime=14:30, status=대기)]] 
2025-06-09 16:14:09.810  o.s.w.s.DispatcherServlet - Completed 200 OK 
2025-06-09 16:14:09.810  o.s.w.s.DispatcherServlet - Completed 200 OK 
2025-06-09 16:14:20.006  o.s.w.s.DispatcherServlet - POST "/api/user/password", parameters={} 
2025-06-09 16:14:20.006  o.s.w.s.m.m.a.RequestMappingHandlerMapping - Mapped to com.example.yedocb.user.info.UserController#updatePassword(Map, String) 
2025-06-09 16:14:20.007  o.s.w.s.m.m.a.RequestResponseBodyMethodProcessor - Read "application/json;charset=UTF-8" to [{uId=test, oldPwd=did1988!, newPwd=did1234!}] 
2025-06-09 16:14:20.198  o.s.w.s.m.m.a.HttpEntityMethodProcessor - Using 'application/json', given [application/json, text/plain, */*] and supported [text/plain, */*, application/json, application/*+json] 
2025-06-09 16:14:20.198  o.s.w.s.m.m.a.HttpEntityMethodProcessor - Writing ["비밀번호가 수정되었습니다."] 
2025-06-09 16:14:20.198  o.s.w.s.DispatcherServlet - Completed 200 OK 
2025-06-09 16:14:26.639  o.s.w.s.DispatcherServlet - POST "/api/user/phone", parameters={} 
2025-06-09 16:14:26.639  o.s.w.s.m.m.a.RequestMappingHandlerMapping - Mapped to com.example.yedocb.user.info.UserController#updatePhone(User, String) 
2025-06-09 16:14:26.640  o.s.w.s.m.m.a.RequestResponseBodyMethodProcessor - Read "application/json;charset=UTF-8" to [User(uId=test, uPwd=null, uEmail=null, uName=null, uPhone=010 85489444)] 
2025-06-09 16:14:26.643  o.s.w.s.m.m.a.HttpEntityMethodProcessor - Using 'application/json', given [application/json, text/plain, */*] and supported [text/plain, */*, application/json, application/*+json] 
2025-06-09 16:14:26.643  o.s.w.s.m.m.a.HttpEntityMethodProcessor - Writing ["연락처가 수정되었습니다."] 
2025-06-09 16:14:26.643  o.s.w.s.DispatcherServlet - Completed 200 OK 
2025-06-09 16:14:29.378  o.s.w.s.DispatcherServlet - GET "/api/reserve/test", parameters={} 
2025-06-09 16:14:29.379  o.s.w.s.m.m.a.RequestMappingHandlerMapping - Mapped to com.example.yedocb.user.reservation.UserReservationController#getReservations(String, String) 
2025-06-09 16:14:29.382  o.s.w.s.m.m.a.HttpEntityMethodProcessor - Using 'application/json', given [application/json, text/plain, */*] and supported [application/json, application/*+json] 
2025-06-09 16:14:29.382  o.s.w.s.m.m.a.HttpEntityMethodProcessor - Writing [[Reservation(rId=1, uId=test, tName=보톡스 시술, consultDate=2025-06-01, consultTime=14:30, status=대기)]] 
2025-06-09 16:14:29.383  o.s.w.s.DispatcherServlet - Completed 200 OK 
2025-06-09 16:14:29.391  o.s.w.s.DispatcherServlet - GET "/api/user/myinfo", parameters={} 
2025-06-09 16:14:29.391  o.s.w.s.m.m.a.RequestMappingHandlerMapping - Mapped to com.example.yedocb.user.info.UserController#getMyInfo(String) 
2025-06-09 16:14:29.393  o.s.w.s.m.m.a.HttpEntityMethodProcessor - Using 'application/json', given [application/json, text/plain, */*] and supported [application/json, application/*+json] 
2025-06-09 16:14:29.393  o.s.w.s.m.m.a.HttpEntityMethodProcessor - Writing [User(uId=test, uPwd=null, uEmail=test@example.com, uName=테스트유저, uPhone=010-8548-9444)] 
2025-06-09 16:14:29.394  o.s.w.s.DispatcherServlet - Completed 200 OK 
2025-06-09 16:14:29.403  o.s.w.s.DispatcherServlet - GET "/api/user/myinfo", parameters={} 
2025-06-09 16:14:29.403  o.s.w.s.DispatcherServlet - GET "/api/reserve/test", parameters={} 
2025-06-09 16:14:29.403  o.s.w.s.m.m.a.RequestMappingHandlerMapping - Mapped to com.example.yedocb.user.info.UserController#getMyInfo(String) 
2025-06-09 16:14:29.404  o.s.w.s.m.m.a.RequestMappingHandlerMapping - Mapped to com.example.yedocb.user.reservation.UserReservationController#getReservations(String, String) 
2025-06-09 16:14:29.405  o.s.w.s.m.m.a.HttpEntityMethodProcessor - Using 'application/json', given [application/json, text/plain, */*] and supported [application/json, application/*+json] 
2025-06-09 16:14:29.405  o.s.w.s.m.m.a.HttpEntityMethodProcessor - Using 'application/json', given [application/json, text/plain, */*] and supported [application/json, application/*+json] 
2025-06-09 16:14:29.405  o.s.w.s.m.m.a.HttpEntityMethodProcessor - Writing [User(uId=test, uPwd=null, uEmail=test@example.com, uName=테스트유저, uPhone=010-8548-9444)] 
2025-06-09 16:14:29.405  o.s.w.s.m.m.a.HttpEntityMethodProcessor - Writing [[Reservation(rId=1, uId=test, tName=보톡스 시술, consultDate=2025-06-01, consultTime=14:30, status=대기)]] 
2025-06-09 16:14:29.405  o.s.w.s.DispatcherServlet - Completed 200 OK 
2025-06-09 16:14:29.405  o.s.w.s.DispatcherServlet - Completed 200 OK 
2025-06-09 16:14:29.410  o.s.w.s.DispatcherServlet - GET "/api/user/myinfo", parameters={} 
2025-06-09 16:14:29.410  o.s.w.s.m.m.a.RequestMappingHandlerMapping - Mapped to com.example.yedocb.user.info.UserController#getMyInfo(String) 
2025-06-09 16:14:29.411  o.s.w.s.m.m.a.HttpEntityMethodProcessor - Using 'application/json', given [application/json, text/plain, */*] and supported [application/json, application/*+json] 
2025-06-09 16:14:29.411  o.s.w.s.m.m.a.HttpEntityMethodProcessor - Writing [User(uId=test, uPwd=null, uEmail=test@example.com, uName=테스트유저, uPhone=010-8548-9444)] 
2025-06-09 16:14:29.412  o.s.w.s.DispatcherServlet - Completed 200 OK 
2025-06-09 16:14:29.416  o.s.w.s.DispatcherServlet - GET "/api/user/myinfo", parameters={} 
2025-06-09 16:14:29.417  o.s.w.s.m.m.a.RequestMappingHandlerMapping - Mapped to com.example.yedocb.user.info.UserController#getMyInfo(String) 
2025-06-09 16:14:29.419  o.s.w.s.m.m.a.HttpEntityMethodProcessor - Using 'application/json', given [application/json, text/plain, */*] and supported [application/json, application/*+json] 
2025-06-09 16:14:29.419  o.s.w.s.m.m.a.HttpEntityMethodProcessor - Writing [User(uId=test, uPwd=null, uEmail=test@example.com, uName=테스트유저, uPhone=010-8548-9444)] 
2025-06-09 16:14:29.419  o.s.w.s.DispatcherServlet - Completed 200 OK 
2025-06-09 16:14:31.678  o.s.w.s.DispatcherServlet - POST "/api/reserve/undefined/cancel", parameters={masked} 
2025-06-09 16:14:31.679  o.s.w.s.m.m.a.RequestMappingHandlerMapping - Mapped to com.example.yedocb.user.reservation.UserReservationController#cancelReservation(int, String) 
2025-06-09 16:14:31.679  o.s.w.m.HandlerMethod - Could not resolve parameter [0] in public org.springframework.http.ResponseEntity<java.lang.String> com.example.yedocb.user.reservation.UserReservationController.cancelReservation(int,java.lang.String): Method parameter 'rId': Failed to convert value of type 'java.lang.String' to required type 'int'; For input string: "undefined" 
2025-06-09 16:14:31.679  o.s.w.s.m.s.DefaultHandlerExceptionResolver - Resolved [org.springframework.web.method.annotation.MethodArgumentTypeMismatchException: Method parameter 'rId': Failed to convert value of type 'java.lang.String' to required type 'int'; For input string: "undefined"] 
2025-06-09 16:14:31.679  o.s.w.s.DispatcherServlet - Completed 400 BAD_REQUEST 
2025-06-09 16:14:37.814  o.s.w.s.DispatcherServlet - GET "/api/reserve/disabled-times?consultDate=2025-06-18", parameters={masked} 
2025-06-09 16:14:37.814  o.s.w.s.m.m.a.RequestMappingHandlerMapping - Mapped to com.example.yedocb.user.reservation.UserReservationController#getDisabledTimes(Date) 
2025-06-09 16:14:37.820  o.s.w.s.m.m.a.HttpEntityMethodProcessor - Using 'application/json', given [application/json, text/plain, */*] and supported [application/json, application/*+json] 
2025-06-09 16:14:37.820  o.s.w.s.m.m.a.HttpEntityMethodProcessor - Writing [[]] 
2025-06-09 16:14:37.821  o.s.w.s.DispatcherServlet - Completed 200 OK 
2025-06-09 16:14:40.008  o.s.w.s.DispatcherServlet - POST "/api/reserve", parameters={} 
2025-06-09 16:14:40.008  o.s.w.s.m.m.a.RequestMappingHandlerMapping - Mapped to com.example.yedocb.user.reservation.UserReservationController#createReservation(Reservation, String) 
2025-06-09 16:14:40.012  o.s.w.s.m.m.a.RequestResponseBodyMethodProcessor - Read "application/json;charset=UTF-8" to [Reservation(rId=0, uId=test, tName=눈 성형, consultDate=Thu Jun 19 09:00:00 KST 2025, consultTime=17:30 (truncated)...] 
2025-06-09 16:14:40.017  o.s.w.s.m.m.a.HttpEntityMethodProcessor - Using 'application/json', given [application/json, text/plain, */*] and supported [application/json, application/*+json] 
2025-06-09 16:14:40.018  o.s.w.s.m.m.a.HttpEntityMethodProcessor - Writing [Reservation(rId=0, uId=test, tName=눈 성형, consultDate=Thu Jun 19 09:00:00 KST 2025, consultTime=17:30 (truncated)...] 
2025-06-09 16:14:40.018  o.s.w.s.DispatcherServlet - Completed 200 OK 
2025-06-09 16:14:42.301  o.s.w.s.DispatcherServlet - GET "/api/reserve/test", parameters={} 
2025-06-09 16:14:42.301  o.s.w.s.m.m.a.RequestMappingHandlerMapping - Mapped to com.example.yedocb.user.reservation.UserReservationController#getReservations(String, String) 
2025-06-09 16:14:42.302  o.s.w.s.DispatcherServlet - GET "/api/user/myinfo", parameters={} 
2025-06-09 16:14:42.302  o.s.w.s.m.m.a.RequestMappingHandlerMapping - Mapped to com.example.yedocb.user.info.UserController#getMyInfo(String) 
2025-06-09 16:14:42.303  o.s.w.s.m.m.a.HttpEntityMethodProcessor - Using 'application/json', given [application/json, text/plain, */*] and supported [application/json, application/*+json] 
2025-06-09 16:14:42.303  o.s.w.s.m.m.a.HttpEntityMethodProcessor - Using 'application/json', given [application/json, text/plain, */*] and supported [application/json, application/*+json] 
2025-06-09 16:14:42.303  o.s.w.s.m.m.a.HttpEntityMethodProcessor - Writing [User(uId=test, uPwd=null, uEmail=test@example.com, uName=테스트유저, uPhone=010-8548-9444)] 
2025-06-09 16:14:42.303  o.s.w.s.m.m.a.HttpEntityMethodProcessor - Writing [[Reservation(rId=1, uId=test, tName=보톡스 시술, consultDate=2025-06-01, consultTime=14:30, status=대기), R (truncated)...] 
2025-06-09 16:14:42.304  o.s.w.s.DispatcherServlet - Completed 200 OK 
2025-06-09 16:14:42.304  o.s.w.s.DispatcherServlet - Completed 200 OK 
2025-06-09 16:14:42.309  o.s.w.s.DispatcherServlet - GET "/api/reserve/test", parameters={} 
2025-06-09 16:14:42.309  o.s.w.s.DispatcherServlet - GET "/api/user/myinfo", parameters={} 
2025-06-09 16:14:42.309  o.s.w.s.m.m.a.RequestMappingHandlerMapping - Mapped to com.example.yedocb.user.info.UserController#getMyInfo(String) 
2025-06-09 16:14:42.309  o.s.w.s.m.m.a.RequestMappingHandlerMapping - Mapped to com.example.yedocb.user.reservation.UserReservationController#getReservations(String, String) 
2025-06-09 16:14:42.311  o.s.w.s.m.m.a.HttpEntityMethodProcessor - Using 'application/json', given [application/json, text/plain, */*] and supported [application/json, application/*+json] 
2025-06-09 16:14:42.311  o.s.w.s.m.m.a.HttpEntityMethodProcessor - Using 'application/json', given [application/json, text/plain, */*] and supported [application/json, application/*+json] 
2025-06-09 16:14:42.311  o.s.w.s.m.m.a.HttpEntityMethodProcessor - Writing [User(uId=test, uPwd=null, uEmail=test@example.com, uName=테스트유저, uPhone=010-8548-9444)] 
2025-06-09 16:14:42.311  o.s.w.s.m.m.a.HttpEntityMethodProcessor - Writing [[Reservation(rId=1, uId=test, tName=보톡스 시술, consultDate=2025-06-01, consultTime=14:30, status=대기), R (truncated)...] 
2025-06-09 16:14:42.311  o.s.w.s.DispatcherServlet - Completed 200 OK 
2025-06-09 16:14:42.311  o.s.w.s.DispatcherServlet - Completed 200 OK 
2025-06-09 16:14:58.250  o.s.w.s.DispatcherServlet - GET "/api/user/myinfo", parameters={} 
2025-06-09 16:14:58.250  o.s.w.s.DispatcherServlet - GET "/api/reserve/test", parameters={} 
2025-06-09 16:14:58.250  o.s.w.s.m.m.a.RequestMappingHandlerMapping - Mapped to com.example.yedocb.user.info.UserController#getMyInfo(String) 
2025-06-09 16:14:58.250  o.s.w.s.m.m.a.RequestMappingHandlerMapping - Mapped to com.example.yedocb.user.reservation.UserReservationController#getReservations(String, String) 
2025-06-09 16:14:58.252  o.s.w.s.m.m.a.HttpEntityMethodProcessor - Using 'application/json', given [application/json, text/plain, */*] and supported [application/json, application/*+json] 
2025-06-09 16:14:58.252  o.s.w.s.m.m.a.HttpEntityMethodProcessor - Using 'application/json', given [application/json, text/plain, */*] and supported [application/json, application/*+json] 
2025-06-09 16:14:58.252  o.s.w.s.m.m.a.HttpEntityMethodProcessor - Writing [User(uId=test, uPwd=null, uEmail=test@example.com, uName=테스트유저, uPhone=010-8548-9444)] 
2025-06-09 16:14:58.252  o.s.w.s.m.m.a.HttpEntityMethodProcessor - Writing [[Reservation(rId=1, uId=test, tName=보톡스 시술, consultDate=2025-06-01, consultTime=14:30, status=대기), R (truncated)...] 
2025-06-09 16:14:58.252  o.s.w.s.DispatcherServlet - Completed 200 OK 
2025-06-09 16:14:58.252  o.s.w.s.DispatcherServlet - Completed 200 OK 
2025-06-09 16:14:58.260  o.s.w.s.DispatcherServlet - GET "/api/user/myinfo", parameters={} 
2025-06-09 16:14:58.260  o.s.w.s.DispatcherServlet - GET "/api/reserve/test", parameters={} 
2025-06-09 16:14:58.260  o.s.w.s.m.m.a.RequestMappingHandlerMapping - Mapped to com.example.yedocb.user.info.UserController#getMyInfo(String) 
2025-06-09 16:14:58.260  o.s.w.s.m.m.a.RequestMappingHandlerMapping - Mapped to com.example.yedocb.user.reservation.UserReservationController#getReservations(String, String) 
2025-06-09 16:14:58.262  o.s.w.s.m.m.a.HttpEntityMethodProcessor - Using 'application/json', given [application/json, text/plain, */*] and supported [application/json, application/*+json] 
2025-06-09 16:14:58.262  o.s.w.s.m.m.a.HttpEntityMethodProcessor - Writing [User(uId=test, uPwd=null, uEmail=test@example.com, uName=테스트유저, uPhone=010-8548-9444)] 
2025-06-09 16:14:58.262  o.s.w.s.m.m.a.HttpEntityMethodProcessor - Using 'application/json', given [application/json, text/plain, */*] and supported [application/json, application/*+json] 
2025-06-09 16:14:58.262  o.s.w.s.m.m.a.HttpEntityMethodProcessor - Writing [[Reservation(rId=1, uId=test, tName=보톡스 시술, consultDate=2025-06-01, consultTime=14:30, status=대기), R (truncated)...] 
2025-06-09 16:14:58.262  o.s.w.s.DispatcherServlet - Completed 200 OK 
2025-06-09 16:14:58.262  o.s.w.s.DispatcherServlet - Completed 200 OK 
