2025-06-11 16:05:02.535  o.a.c.c.C.[.[.[/] - Initializing Spring DispatcherServlet 'dispatcherServlet' 
2025-06-11 16:05:02.536  o.s.w.s.DispatcherServlet - Initializing Servlet 'dispatcherServlet' 
2025-06-11 16:05:02.536  o.s.w.s.DispatcherServlet - Detected StandardServletMultipartResolver 
2025-06-11 16:05:02.536  o.s.w.s.DispatcherServlet - Detected AcceptHeaderLocaleResolver 
2025-06-11 16:05:02.536  o.s.w.s.DispatcherServlet - Detected FixedThemeResolver 
2025-06-11 16:05:02.536  o.s.w.s.DispatcherServlet - Detected org.springframework.web.servlet.view.DefaultRequestToViewNameTranslator@69f96de4 
2025-06-11 16:05:02.536  o.s.w.s.DispatcherServlet - Detected org.springframework.web.servlet.support.SessionFlashMapManager@673e9eab 
2025-06-11 16:05:02.538  o.s.w.s.DispatcherServlet - enableLoggingRequestDetails='false': request parameters and headers will be masked to prevent unsafe logging of potentially sensitive data 
2025-06-11 16:05:02.538  o.s.w.s.DispatcherServlet - Completed initialization in 2 ms 
2025-06-11 16:05:02.542  o.s.w.s.DispatcherServlet - POST "/api/admin/staff", parameters={} 
2025-06-11 16:05:02.542  o.s.w.s.m.m.a.RequestMappingHandlerMapping - Mapped to com.example.yedocb.admin.info.AdminController#createAdmin(Admin, String) 
2025-06-11 16:05:02.545  o.s.w.s.m.m.a.RequestResponseBodyMethodProcessor - Read "application/json;charset=UTF-8" to [Admin(aId=staff2, aEmail=staff2222@naver.com, aPwd=staff2222, role=ADMIN, createdBy=SUPERADMIN)] 
2025-06-11 16:05:02.612  o.s.w.s.m.m.a.HttpEntityMethodProcessor - Using 'application/json', given [application/json, text/plain, */*] and supported [text/plain, */*, application/json, application/*+json] 
2025-06-11 16:05:02.612  o.s.w.s.m.m.a.HttpEntityMethodProcessor - Writing ["새 관리자 등록 완료!"] 
2025-06-11 16:05:02.613  o.s.w.s.DispatcherServlet - Completed 201 CREATED 
2025-06-11 16:05:25.617  o.s.w.s.DispatcherServlet - DELETE "/api/admin/staff/staff1", parameters={} 
2025-06-11 16:05:25.617  o.s.w.s.m.m.a.RequestMappingHandlerMapping - Mapped to com.example.yedocb.admin.info.AdminController#deleteAdmin(String, String) 
2025-06-11 16:05:25.621  o.s.w.s.m.m.a.HttpEntityMethodProcessor - Using 'application/json', given [application/json, text/plain, */*] and supported [text/plain, */*, application/json, application/*+json] 
2025-06-11 16:05:25.621  o.s.w.s.m.m.a.HttpEntityMethodProcessor - Writing ["관리자 삭제 완료"] 
2025-06-11 16:05:25.621  o.s.w.s.DispatcherServlet - Completed 200 OK 
