2025-06-09 16:13:54.396  o.s.w.s.DispatcherServlet - GET "/api/user/myinfo", parameters={} 
2025-06-09 16:13:54.396  o.s.w.s.DispatcherServlet - GET "/api/reserve/test", parameters={} 
2025-06-09 16:13:54.398  o.s.w.s.m.m.a.RequestMappingHandlerMapping - Mapped to com.example.yedocb.user.info.UserController#getMyInfo(String) 
2025-06-09 16:13:54.398  o.s.w.s.m.m.a.RequestMappingHandlerMapping - Mapped to com.example.yedocb.user.reservation.UserReservationController#getReservations(String, String) 
2025-06-09 16:13:54.401  o.s.w.s.m.m.a.HttpEntityMethodProcessor - Using 'application/json', given [application/json, text/plain, */*] and supported [application/json, application/*+json] 
2025-06-09 16:13:54.401  o.s.w.s.m.m.a.HttpEntityMethodProcessor - Using 'application/json', given [application/json, text/plain, */*] and supported [application/json, application/*+json] 
2025-06-09 16:13:54.401  o.s.w.s.m.m.a.HttpEntityMethodProcessor - Writing [User(uId=test, uPwd=null, uEmail=test@example.com, uName=테스트유저, uPhone=010-3545-5555)] 
2025-06-09 16:13:54.402  o.s.w.s.m.m.a.HttpEntityMethodProcessor - Writing [[Reservation(rId=1, uId=test, tName=보톡스 시술, consultDate=2025-06-01, consultTime=14:30, status=대기)]] 
2025-06-09 16:13:54.402  o.s.w.s.DispatcherServlet - Completed 200 OK 
2025-06-09 16:13:54.402  o.s.w.s.DispatcherServlet - Completed 200 OK 
2025-06-09 16:13:54.412  o.s.w.s.DispatcherServlet - GET "/api/reserve/test", parameters={} 
2025-06-09 16:13:54.413  o.s.w.s.m.m.a.RequestMappingHandlerMapping - Mapped to com.example.yedocb.user.reservation.UserReservationController#getReservations(String, String) 
2025-06-09 16:13:54.420  o.s.w.s.m.m.a.HttpEntityMethodProcessor - Using 'application/json', given [application/json, text/plain, */*] and supported [application/json, application/*+json] 
2025-06-09 16:13:54.420  o.s.w.s.m.m.a.HttpEntityMethodProcessor - Writing [[Reservation(rId=1, uId=test, tName=보톡스 시술, consultDate=2025-06-01, consultTime=14:30, status=대기)]] 
2025-06-09 16:13:54.420  o.s.w.s.DispatcherServlet - GET "/api/user/myinfo", parameters={} 
2025-06-09 16:13:54.421  o.s.w.s.m.m.a.RequestMappingHandlerMapping - Mapped to com.example.yedocb.user.info.UserController#getMyInfo(String) 
2025-06-09 16:13:54.421  o.s.w.s.DispatcherServlet - Completed 200 OK 
2025-06-09 16:13:54.424  o.s.w.s.m.m.a.HttpEntityMethodProcessor - Using 'application/json', given [application/json, text/plain, */*] and supported [application/json, application/*+json] 
2025-06-09 16:13:54.424  o.s.w.s.m.m.a.HttpEntityMethodProcessor - Writing [User(uId=test, uPwd=null, uEmail=test@example.com, uName=테스트유저, uPhone=010-3545-5555)] 
2025-06-09 16:13:54.425  o.s.w.s.DispatcherServlet - Completed 200 OK 
2025-06-09 16:13:54.448  o.s.w.s.DispatcherServlet - GET "/api/user/myinfo", parameters={} 
2025-06-09 16:13:54.448  o.s.w.s.m.m.a.RequestMappingHandlerMapping - Mapped to com.example.yedocb.user.info.UserController#getMyInfo(String) 
2025-06-09 16:13:54.451  o.s.w.s.m.m.a.HttpEntityMethodProcessor - Using 'application/json', given [application/json, text/plain, */*] and supported [application/json, application/*+json] 
2025-06-09 16:13:54.451  o.s.w.s.m.m.a.HttpEntityMethodProcessor - Writing [User(uId=test, uPwd=null, uEmail=test@example.com, uName=테스트유저, uPhone=010-3545-5555)] 
2025-06-09 16:13:54.451  o.s.w.s.DispatcherServlet - Completed 200 OK 
2025-06-09 16:13:54.457  o.s.w.s.DispatcherServlet - GET "/api/user/myinfo", parameters={} 
2025-06-09 16:13:54.457  o.s.w.s.m.m.a.RequestMappingHandlerMapping - Mapped to com.example.yedocb.user.info.UserController#getMyInfo(String) 
2025-06-09 16:13:54.459  o.s.w.s.m.m.a.HttpEntityMethodProcessor - Using 'application/json', given [application/json, text/plain, */*] and supported [application/json, application/*+json] 
2025-06-09 16:13:54.459  o.s.w.s.m.m.a.HttpEntityMethodProcessor - Writing [User(uId=test, uPwd=null, uEmail=test@example.com, uName=테스트유저, uPhone=010-3545-5555)] 
2025-06-09 16:13:54.459  o.s.w.s.DispatcherServlet - Completed 200 OK 
2025-06-09 16:13:58.325  o.s.w.s.DispatcherServlet - GET "/api/user/myinfo", parameters={} 
2025-06-09 16:13:58.325  o.s.w.s.DispatcherServlet - GET "/api/reserve/test", parameters={} 
2025-06-09 16:13:58.326  o.s.w.s.m.m.a.RequestMappingHandlerMapping - Mapped to com.example.yedocb.user.info.UserController#getMyInfo(String) 
2025-06-09 16:13:58.326  o.s.w.s.m.m.a.RequestMappingHandlerMapping - Mapped to com.example.yedocb.user.reservation.UserReservationController#getReservations(String, String) 
2025-06-09 16:13:58.328  o.s.w.s.m.m.a.HttpEntityMethodProcessor - Using 'application/json', given [application/json, text/plain, */*] and supported [application/json, application/*+json] 
2025-06-09 16:13:58.328  o.s.w.s.m.m.a.HttpEntityMethodProcessor - Using 'application/json', given [application/json, text/plain, */*] and supported [application/json, application/*+json] 
2025-06-09 16:13:58.328  o.s.w.s.m.m.a.HttpEntityMethodProcessor - Writing [User(uId=test, uPwd=null, uEmail=test@example.com, uName=테스트유저, uPhone=010-3545-5555)] 
2025-06-09 16:13:58.328  o.s.w.s.m.m.a.HttpEntityMethodProcessor - Writing [[Reservation(rId=1, uId=test, tName=보톡스 시술, consultDate=2025-06-01, consultTime=14:30, status=대기)]] 
2025-06-09 16:13:58.329  o.s.w.s.DispatcherServlet - Completed 200 OK 
2025-06-09 16:13:58.329  o.s.w.s.DispatcherServlet - Completed 200 OK 
2025-06-09 16:13:58.340  o.s.w.s.DispatcherServlet - GET "/api/user/myinfo", parameters={} 
2025-06-09 16:13:58.340  o.s.w.s.DispatcherServlet - GET "/api/reserve/test", parameters={} 
2025-06-09 16:13:58.340  o.s.w.s.m.m.a.RequestMappingHandlerMapping - Mapped to com.example.yedocb.user.info.UserController#getMyInfo(String) 
2025-06-09 16:13:58.340  o.s.w.s.m.m.a.RequestMappingHandlerMapping - Mapped to com.example.yedocb.user.reservation.UserReservationController#getReservations(String, String) 
2025-06-09 16:13:58.342  o.s.w.s.m.m.a.HttpEntityMethodProcessor - Using 'application/json', given [application/json, text/plain, */*] and supported [application/json, application/*+json] 
2025-06-09 16:13:58.342  o.s.w.s.m.m.a.HttpEntityMethodProcessor - Using 'application/json', given [application/json, text/plain, */*] and supported [application/json, application/*+json] 
2025-06-09 16:13:58.342  o.s.w.s.m.m.a.HttpEntityMethodProcessor - Writing [User(uId=test, uPwd=null, uEmail=test@example.com, uName=테스트유저, uPhone=010-3545-5555)] 
2025-06-09 16:13:58.342  o.s.w.s.m.m.a.HttpEntityMethodProcessor - Writing [[Reservation(rId=1, uId=test, tName=보톡스 시술, consultDate=2025-06-01, consultTime=14:30, status=대기)]] 
2025-06-09 16:13:58.342  o.s.w.s.DispatcherServlet - Completed 200 OK 
2025-06-09 16:13:58.342  o.s.w.s.DispatcherServlet - Completed 200 OK 
2025-06-09 16:13:58.349  o.s.w.s.DispatcherServlet - GET "/api/user/myinfo", parameters={} 
2025-06-09 16:13:58.349  o.s.w.s.m.m.a.RequestMappingHandlerMapping - Mapped to com.example.yedocb.user.info.UserController#getMyInfo(String) 
2025-06-09 16:13:58.351  o.s.w.s.m.m.a.HttpEntityMethodProcessor - Using 'application/json', given [application/json, text/plain, */*] and supported [application/json, application/*+json] 
2025-06-09 16:13:58.351  o.s.w.s.m.m.a.HttpEntityMethodProcessor - Writing [User(uId=test, uPwd=null, uEmail=test@example.com, uName=테스트유저, uPhone=010-3545-5555)] 
2025-06-09 16:13:58.352  o.s.w.s.DispatcherServlet - Completed 200 OK 
2025-06-09 16:13:58.357  o.s.w.s.DispatcherServlet - GET "/api/user/myinfo", parameters={} 
2025-06-09 16:13:58.358  o.s.w.s.m.m.a.RequestMappingHandlerMapping - Mapped to com.example.yedocb.user.info.UserController#getMyInfo(String) 
2025-06-09 16:13:58.360  o.s.w.s.m.m.a.HttpEntityMethodProcessor - Using 'application/json', given [application/json, text/plain, */*] and supported [application/json, application/*+json] 
2025-06-09 16:13:58.360  o.s.w.s.m.m.a.HttpEntityMethodProcessor - Writing [User(uId=test, uPwd=null, uEmail=test@example.com, uName=테스트유저, uPhone=010-3545-5555)] 
2025-06-09 16:13:58.361  o.s.w.s.DispatcherServlet - Completed 200 OK 
