2025-06-07 20:56:39.277  o.h.v.i.u.Version - HV000001: Hibernate Validator 8.0.2.Final 
2025-06-07 20:56:39.306  c.e.y.YedocbApplication - Starting YedocbApplication using Java 21.0.6 with PID 20184 (C:\Users\USER\git_yedoc\yedocb\bin\main started by USER in C:\Users\USER\git_yedoc\yedocb) 
2025-06-07 20:56:39.306  c.e.y.YedocbApplication - No active profile set, falling back to 1 default profile: "default" 
2025-06-07 20:56:39.334  o.s.b.d.e.DevToolsPropertyDefaultsPostProcessor - Devtools property defaults active! Set 'spring.devtools.add-properties' to 'false' to disable 
2025-06-07 20:56:39.334  o.s.b.d.e.DevToolsPropertyDefaultsPostProcessor - For additional web related logging consider setting the 'logging.level.web' property to 'DEBUG' 
2025-06-07 20:56:39.932  o.s.b.w.e.t.TomcatWebServer - Tomcat initialized with port 8080 (http) 
2025-06-07 20:56:39.940  o.a.c.h.Http11NioProtocol - Initializing ProtocolHandler ["http-nio-8080"] 
2025-06-07 20:56:39.941  o.a.c.c.StandardService - Starting service [Tomcat] 
2025-06-07 20:56:39.941  o.a.c.c.StandardEngine - Starting Servlet engine: [Apache Tomcat/10.1.41] 
2025-06-07 20:56:39.965  o.a.c.c.C.[.[.[/] - Initializing Spring embedded WebApplicationContext 
2025-06-07 20:56:39.965  o.s.b.w.s.c.ServletWebServerApplicationContext - Root WebApplicationContext: initialization completed in 630 ms 
2025-06-07 20:56:40.117  c.z.h.HikariDataSource - HikariPool-1 - Starting... 
2025-06-07 20:56:40.214  c.z.h.p.HikariPool - HikariPool-1 - Added connection org.postgresql.jdbc.PgConnection@2bcacb48 
2025-06-07 20:56:40.215  c.z.h.HikariDataSource - HikariPool-1 - Start completed. 
2025-06-07 20:56:40.396  o.s.w.s.m.m.a.RequestMappingHandlerMapping - 34 mappings in 'requestMappingHandlerMapping' 
2025-06-07 20:56:40.433  o.s.w.s.h.SimpleUrlHandlerMapping - Patterns [/webjars/**, /**] in 'resourceHandlerMapping' 
2025-06-07 20:56:40.497  o.s.w.s.m.m.a.RequestMappingHandlerAdapter - ControllerAdvice beans: 0 @ModelAttribute, 0 @InitBinder, 1 RequestBodyAdvice, 1 ResponseBodyAdvice 
2025-06-07 20:56:40.521  o.s.w.s.m.m.a.ExceptionHandlerExceptionResolver - ControllerAdvice beans: 0 @ExceptionHandler, 1 ResponseBodyAdvice 
2025-06-07 20:56:40.569  o.s.b.d.a.OptionalLiveReloadServer - LiveReload server is running on port 35729 
2025-06-07 20:56:40.579  o.a.c.h.Http11NioProtocol - Starting ProtocolHandler ["http-nio-8080"] 
2025-06-07 20:56:40.589  o.s.b.w.e.t.TomcatWebServer - Tomcat started on port 8080 (http) with context path '/' 
2025-06-07 20:56:40.594  c.e.y.YedocbApplication - Started YedocbApplication in 1.49 seconds (process running for 1.939) 
2025-06-07 20:56:57.860  o.a.c.c.C.[.[.[/] - Initializing Spring DispatcherServlet 'dispatcherServlet' 
2025-06-07 20:56:57.860  o.s.w.s.DispatcherServlet - Initializing Servlet 'dispatcherServlet' 
2025-06-07 20:56:57.861  o.s.w.s.DispatcherServlet - Detected StandardServletMultipartResolver 
2025-06-07 20:56:57.861  o.s.w.s.DispatcherServlet - Detected AcceptHeaderLocaleResolver 
2025-06-07 20:56:57.861  o.s.w.s.DispatcherServlet - Detected FixedThemeResolver 
2025-06-07 20:56:57.861  o.s.w.s.DispatcherServlet - Detected org.springframework.web.servlet.view.DefaultRequestToViewNameTranslator@50480a6 
2025-06-07 20:56:57.861  o.s.w.s.DispatcherServlet - Detected org.springframework.web.servlet.support.SessionFlashMapManager@5003afe5 
2025-06-07 20:56:57.861  o.s.w.s.DispatcherServlet - enableLoggingRequestDetails='false': request parameters and headers will be masked to prevent unsafe logging of potentially sensitive data 
2025-06-07 20:56:57.861  o.s.w.s.DispatcherServlet - Completed initialization in 1 ms 
2025-06-07 20:56:57.888  o.s.w.s.DispatcherServlet - POST "/api/user/login", parameters={} 
2025-06-07 20:56:57.889  o.s.w.s.m.m.a.RequestMappingHandlerMapping - Mapped to com.example.yedocb.user.login.UserLoginController#loginUser(Map) 
2025-06-07 20:56:57.908  o.s.w.s.m.m.a.RequestResponseBodyMethodProcessor - Read "application/json;charset=UTF-8" to [{uId=test, uPwd=1234}] 
2025-06-07 20:56:58.013  o.s.w.s.m.m.a.HttpEntityMethodProcessor - Using 'application/json', given [application/json, text/plain, */*] and supported [application/json, application/*+json] 
2025-06-07 20:56:58.013  o.s.w.s.m.m.a.HttpEntityMethodProcessor - Writing [{uName=테스트유저, token=eyJhbGciOiJIUzI1NiJ9.eyJzdWIiOiJ0ZXN0Iiwicm9sZXMiOlsiVVNFUiJdLCJpYXQiOjE3NDkyOTc (truncated)...] 
2025-06-07 20:56:58.017  o.s.w.s.DispatcherServlet - Completed 200 OK 
